Using pre-set license
Built from '2020.3/staging' branch; Version is '2020.3.18f1 (a7d1c678663c) revision 10998214'; Using compiler version '192528614'; Build Type 'Release'
OS: 'Windows 10 Pro; OS build 19042.1526; Version 2009; 64bit' Language: 'zh' Physical Memory: 16331 MB
BatchMode: 1, IsHumanControllingUs: 0, StartBugReporterOnCrash: 0, Is64bit: 1, IsPro: 0

COMMAND LINE ARGUMENTS:
D:\UnityEditor\2020.3.18f1\Editor\Unity.exe
-adb2
-batchMode
-noUpm
-name
AssetImportWorker0
-projectPath
E:/GitHub/inktn123
-logFile
Logs/AssetImportWorker0.log
-srvPort
52779
Successfully changed project path to: E:/GitHub/inktn123
E:/GitHub/inktn123
Using Asset Import Pipeline V2.
Refreshing native plugins compatible for Editor in 68.78 ms, found 3 plugins.
Preloading 0 native plugins for Editor in 0.00 ms.
Initialize engine version: 2020.3.18f1 (a7d1c678663c)
[Subsystems] Discovering subsystems at path D:/UnityEditor/2020.3.18f1/Editor/Data/Resources/UnitySubsystems
[Subsystems] Discovering subsystems at path E:/GitHub/inktn123/Assets
GfxDevice: creating device client; threaded=0
Direct3D:
    Version:  Direct3D 11.0 [level 11.0]
    Renderer: NVIDIA GeForce GTX 750 (ID=0x1381)
    Vendor:   
    VRAM:     2007 MB
    Driver:   27.21.14.5671
Initialize mono
Mono path[0] = 'D:/UnityEditor/2020.3.18f1/Editor/Data/Managed'
Mono path[1] = 'D:/UnityEditor/2020.3.18f1/Editor/Data/MonoBleedingEdge/lib/mono/unityjit'
Mono config path = 'D:/UnityEditor/2020.3.18f1/Editor/Data/MonoBleedingEdge/etc'
Using monoOptions --debugger-agent=transport=dt_socket,embedding=1,server=y,suspend=n,address=127.0.0.1:56488
Begin MonoManager ReloadAssembly
Registering precompiled unity dll's ...
Register platform support module: D:/UnityEditor/2020.3.18f1/Editor/Data/PlaybackEngines/WindowsStandaloneSupport/UnityEditor.WindowsStandalone.Extensions.dll
Registered in 0.001365 seconds.
Native extension for WindowsStandalone target not found
Refreshing native plugins compatible for Editor in 71.31 ms, found 3 plugins.
Preloading 0 native plugins for Editor in 0.00 ms.
Mono: successfully reloaded assembly
- Completed reload, in  3.069 seconds
Domain Reload Profiling:
	ReloadAssembly (3069ms)
		BeginReloadAssembly (87ms)
			ExecutionOrderSort (0ms)
			DisableScriptedObjects (0ms)
			BackupInstance (0ms)
			ReleaseScriptingObjects (0ms)
			CreateAndSetChildDomain (2ms)
		EndReloadAssembly (754ms)
			LoadAssemblies (84ms)
			RebuildTransferFunctionScriptingTraits (0ms)
			SetupTypeCache (261ms)
			ReleaseScriptCaches (0ms)
			RebuildScriptCaches (52ms)
			SetupLoadedEditorAssemblies (319ms)
				LogAssemblyErrors (0ms)
				InitializePlatformSupportModulesInManaged (7ms)
				SetLoadedEditorAssemblies (0ms)
				RefreshPlugins (71ms)
				BeforeProcessingInitializeOnLoad (28ms)
				ProcessInitializeOnLoadAttributes (159ms)
				ProcessInitializeOnLoadMethodAttributes (53ms)
				AfterProcessingInitializeOnLoad (0ms)
				EditorAssembliesLoaded (0ms)
			ExecutionOrderSort2 (0ms)
			AwakeInstancesAfterBackupRestoration (0ms)
Platform modules already initialized, skipping
Registering precompiled user dll's ...
Registered in 0.004220 seconds.
Begin MonoManager ReloadAssembly
Native extension for WindowsStandalone target not found
Refreshing native plugins compatible for Editor in 62.58 ms, found 3 plugins.
Preloading 0 native plugins for Editor in 0.00 ms.
Mono: successfully reloaded assembly
- Completed reload, in  1.935 seconds
Domain Reload Profiling:
	ReloadAssembly (1937ms)
		BeginReloadAssembly (237ms)
			ExecutionOrderSort (0ms)
			DisableScriptedObjects (10ms)
			BackupInstance (0ms)
			ReleaseScriptingObjects (0ms)
			CreateAndSetChildDomain (29ms)
		EndReloadAssembly (1574ms)
			LoadAssemblies (146ms)
			RebuildTransferFunctionScriptingTraits (0ms)
			SetupTypeCache (496ms)
			ReleaseScriptCaches (1ms)
			RebuildScriptCaches (125ms)
			SetupLoadedEditorAssemblies (568ms)
				LogAssemblyErrors (0ms)
				InitializePlatformSupportModulesInManaged (7ms)
				SetLoadedEditorAssemblies (0ms)
				RefreshPlugins (63ms)
				BeforeProcessingInitializeOnLoad (120ms)
				ProcessInitializeOnLoadAttributes (348ms)
				ProcessInitializeOnLoadMethodAttributes (26ms)
				AfterProcessingInitializeOnLoad (4ms)
				EditorAssembliesLoaded (0ms)
			ExecutionOrderSort2 (0ms)
			AwakeInstancesAfterBackupRestoration (15ms)
Platform modules already initialized, skipping
========================================================================
Worker process is ready to serve import requests
Launched and connected shader compiler UnityShaderCompiler.exe after 0.15 seconds
Refreshing native plugins compatible for Editor in 0.59 ms, found 3 plugins.
Preloading 0 native plugins for Editor in 0.00 ms.
Unloading 2091 Unused Serialized files (Serialized files now loaded: 0)
System memory in use before: 95.5 MB.
System memory in use after: 95.5 MB.

Unloading 26 unused Assets to reduce memory usage. Loaded Objects now: 2530.
Total: 5.539500 ms (FindLiveObjects: 0.263200 ms CreateObjectMapping: 0.061300 ms MarkObjects: 5.023600 ms  DeleteObjects: 0.188700 ms)

AssetImportParameters requested are different than current active one (requested -> active):
  custom:framework-win-MediaFoundation: 216162199b28c13a410421893ffa2e32 -> 
  custom:video-decoder-ogg-theora: a1e56fd34408186e4bbccfd4996cb3dc -> 
  custom:container-muxer-webm: aa71ff27fc2769a1b78a27578f13a17b -> 
  custom:container-demuxer-webm: 4f35f7cbe854078d1ac9338744f61a02 -> 
  custom:container-demuxer-ogg: 62fdf1f143b41e24485cea50d1cbac27 -> 
  custom:video-encoder-webm-vp8: eb34c28f22e8b96e1ab97ce403110664 -> 
  custom:video-decoder-webm-vp8: 9c59270c3fd7afecdb556c50c9e8de78 -> 
  custom:audio-decoder-ogg-vorbis: bf7c407c2cedff20999df2af8eb42d56 -> 
  custom:audio-encoder-webm-vorbis: bf7c407c2cedff20999df2af8eb42d56 -> 
========================================================================
Received Import Request.
  path: Assets/調色盤/New Palette.prefab
  artifactKey: Guid(35ae3aa509ef1e440ac112190417386a) Importer(815301076,1909f56bfc062723c751e8b465ee728b)
Start importing Assets/調色盤/New Palette.prefab using Guid(35ae3aa509ef1e440ac112190417386a) Importer(815301076,1909f56bfc062723c751e8b465ee728b)  -> (artifact id: 'c378b73d6128d8ceb030763644edf39c') in 0.459353 seconds 
  Import took 0.513443 seconds .

========================================================================
Received Import Request.
  Time since last request: 0.000233 seconds.
  path: Assets/調色盤/TX Village Props_59.asset
  artifactKey: Guid(c3a2d2c1469cde245ad054c197e521b2) Importer(815301076,1909f56bfc062723c751e8b465ee728b)
Start importing Assets/調色盤/TX Village Props_59.asset using Guid(c3a2d2c1469cde245ad054c197e521b2) Importer(815301076,1909f56bfc062723c751e8b465ee728b)  -> (artifact id: 'd6e97c549615336eedaf0669e49bfddf') in 0.050272 seconds 
  Import took 0.068725 seconds .

========================================================================
Received Import Request.
  Time since last request: 0.000342 seconds.
  path: Assets/調色盤/TX Village Props_69.asset
  artifactKey: Guid(ac1c6aca5a654024296bbeb8b51deedc) Importer(815301076,1909f56bfc062723c751e8b465ee728b)
Start importing Assets/調色盤/TX Village Props_69.asset using Guid(ac1c6aca5a654024296bbeb8b51deedc) Importer(815301076,1909f56bfc062723c751e8b465ee728b)  -> (artifact id: 'b5ba5001494c87cfb504fcf21c9984b8') in 0.015528 seconds 
  Import took 0.034889 seconds .

========================================================================
Received Import Request.
  Time since last request: 0.000216 seconds.
  path: Assets/調色盤/TX Village Props_68.asset
  artifactKey: Guid(daf4f36bcd2c9e64baebf5746b6b82bf) Importer(815301076,1909f56bfc062723c751e8b465ee728b)
Start importing Assets/調色盤/TX Village Props_68.asset using Guid(daf4f36bcd2c9e64baebf5746b6b82bf) Importer(815301076,1909f56bfc062723c751e8b465ee728b)  -> (artifact id: '51e8175cd2978c4f612d2cdd99a3a59e') in 0.027455 seconds 
  Import took 0.086714 seconds .

========================================================================
Received Import Request.
  Time since last request: 2.452740 seconds.
  path: Assets/調色盤/小物件.prefab
  artifactKey: Guid(c5c11dc61c1ec994ca23adeb61563186) Importer(815301076,1909f56bfc062723c751e8b465ee728b)
Start importing Assets/調色盤/小物件.prefab using Guid(c5c11dc61c1ec994ca23adeb61563186) Importer(815301076,1909f56bfc062723c751e8b465ee728b)  -> (artifact id: 'c1e56ca579a2550b302cc20441c59c48') in 0.023089 seconds 
  Import took 0.028409 seconds .

========================================================================
Received Import Request.
  Time since last request: 11.052304 seconds.
  path: Assets/場景素材/Pixel Art Platformer - Village Props/Changelog.txt
  artifactKey: Guid(042aaf459f74cb341bca9c0e6b430868) Importer(815301076,1909f56bfc062723c751e8b465ee728b)
Start importing Assets/場景素材/Pixel Art Platformer - Village Props/Changelog.txt using Guid(042aaf459f74cb341bca9c0e6b430868) Importer(815301076,1909f56bfc062723c751e8b465ee728b)  -> (artifact id: 'f37fa28001888930623ecc9a16d3b17f') in 0.012505 seconds 
  Import took 0.019101 seconds .

AssetImportWorkerClient::OnTransportError - code=2 error=End of file
