Using pre-set license
Built from '2020.3/staging' branch; Version is '2020.3.18f1 (a7d1c678663c) revision 10998214'; Using compiler version '192528614'; Build Type 'Release'
OS: 'Windows 10 Pro; OS build 19044.1348; Version 2009; 64bit' Language: 'zh' Physical Memory: 16331 MB
BatchMode: 1, IsHumanControllingUs: 0, StartBugReporterOnCrash: 0, Is64bit: 1, IsPro: 0

COMMAND LINE ARGUMENTS:
C:\Program Files\Unity\Editor\Unity.exe
-adb2
-batchMode
-noUpm
-name
AssetImportWorker0
-projectPath
D:/Ahomework/GitHub/Inktn/inktn123
-logFile
Logs/AssetImportWorker0.log
-srvPort
65320
Successfully changed project path to: D:/Ahomework/GitHub/Inktn/inktn123
D:/Ahomework/GitHub/Inktn/inktn123
Using Asset Import Pipeline V2.
Refreshing native plugins compatible for Editor in 57.49 ms, found 3 plugins.
Preloading 0 native plugins for Editor in 0.00 ms.
Initialize engine version: 2020.3.18f1 (a7d1c678663c)
[Subsystems] Discovering subsystems at path C:/Program Files/Unity/Editor/Data/Resources/UnitySubsystems
[Subsystems] Discovering subsystems at path D:/Ahomework/GitHub/Inktn/inktn123/Assets
GfxDevice: creating device client; threaded=0
Direct3D:
    Version:  Direct3D 11.0 [level 11.0]
    Renderer: NVIDIA GeForce GTX 750 (ID=0x1381)
    Vendor:   
    VRAM:     2007 MB
    Driver:   27.21.14.5671
Initialize mono
Mono path[0] = 'C:/Program Files/Unity/Editor/Data/Managed'
Mono path[1] = 'C:/Program Files/Unity/Editor/Data/MonoBleedingEdge/lib/mono/unityjit'
Mono config path = 'C:/Program Files/Unity/Editor/Data/MonoBleedingEdge/etc'
Using monoOptions --debugger-agent=transport=dt_socket,embedding=1,server=y,suspend=n,address=127.0.0.1:56160
Begin MonoManager ReloadAssembly
Registering precompiled unity dll's ...
Register platform support module: C:/Program Files/Unity/Editor/Data/PlaybackEngines/WindowsStandaloneSupport/UnityEditor.WindowsStandalone.Extensions.dll
Registered in 0.057790 seconds.
Native extension for WindowsStandalone target not found
Refreshing native plugins compatible for Editor in 55.64 ms, found 3 plugins.
Preloading 0 native plugins for Editor in 0.00 ms.
Mono: successfully reloaded assembly
- Completed reload, in  1.796 seconds
Domain Reload Profiling:
	ReloadAssembly (1797ms)
		BeginReloadAssembly (97ms)
			ExecutionOrderSort (0ms)
			DisableScriptedObjects (0ms)
			BackupInstance (0ms)
			ReleaseScriptingObjects (0ms)
			CreateAndSetChildDomain (1ms)
		EndReloadAssembly (609ms)
			LoadAssemblies (94ms)
			RebuildTransferFunctionScriptingTraits (0ms)
			SetupTypeCache (203ms)
			ReleaseScriptCaches (0ms)
			RebuildScriptCaches (41ms)
			SetupLoadedEditorAssemblies (241ms)
				LogAssemblyErrors (0ms)
				InitializePlatformSupportModulesInManaged (5ms)
				SetLoadedEditorAssemblies (0ms)
				RefreshPlugins (56ms)
				BeforeProcessingInitializeOnLoad (13ms)
				ProcessInitializeOnLoadAttributes (119ms)
				ProcessInitializeOnLoadMethodAttributes (47ms)
				AfterProcessingInitializeOnLoad (0ms)
				EditorAssembliesLoaded (0ms)
			ExecutionOrderSort2 (0ms)
			AwakeInstancesAfterBackupRestoration (0ms)
Platform modules already initialized, skipping
Registering precompiled user dll's ...
Registered in 0.093988 seconds.
Begin MonoManager ReloadAssembly
Native extension for WindowsStandalone target not found
Refreshing native plugins compatible for Editor in 52.80 ms, found 3 plugins.
Preloading 0 native plugins for Editor in 0.00 ms.
Mono: successfully reloaded assembly
- Completed reload, in  4.748 seconds
Domain Reload Profiling:
	ReloadAssembly (4749ms)
		BeginReloadAssembly (217ms)
			ExecutionOrderSort (0ms)
			DisableScriptedObjects (7ms)
			BackupInstance (0ms)
			ReleaseScriptingObjects (0ms)
			CreateAndSetChildDomain (30ms)
		EndReloadAssembly (4431ms)
			LoadAssemblies (3148ms)
			RebuildTransferFunctionScriptingTraits (0ms)
			SetupTypeCache (375ms)
			ReleaseScriptCaches (1ms)
			RebuildScriptCaches (64ms)
			SetupLoadedEditorAssemblies (605ms)
				LogAssemblyErrors (0ms)
				InitializePlatformSupportModulesInManaged (6ms)
				SetLoadedEditorAssemblies (0ms)
				RefreshPlugins (53ms)
				BeforeProcessingInitializeOnLoad (85ms)
				ProcessInitializeOnLoadAttributes (352ms)
				ProcessInitializeOnLoadMethodAttributes (98ms)
				AfterProcessingInitializeOnLoad (10ms)
				EditorAssembliesLoaded (0ms)
			ExecutionOrderSort2 (0ms)
			AwakeInstancesAfterBackupRestoration (11ms)
Platform modules already initialized, skipping
========================================================================
Worker process is ready to serve import requests
Launched and connected shader compiler UnityShaderCompiler.exe after 0.30 seconds
Refreshing native plugins compatible for Editor in 0.60 ms, found 3 plugins.
Preloading 0 native plugins for Editor in 0.00 ms.
Unloading 2090 Unused Serialized files (Serialized files now loaded: 0)
System memory in use before: 93.0 MB.
System memory in use after: 93.1 MB.

Unloading 26 unused Assets to reduce memory usage. Loaded Objects now: 2529.
Total: 4.763900 ms (FindLiveObjects: 0.243400 ms CreateObjectMapping: 0.065500 ms MarkObjects: 4.353300 ms  DeleteObjects: 0.099700 ms)

AssetImportParameters requested are different than current active one (requested -> active):
  custom:framework-win-MediaFoundation: 216162199b28c13a410421893ffa2e32 -> 
  custom:video-decoder-ogg-theora: a1e56fd34408186e4bbccfd4996cb3dc -> 
  custom:container-muxer-webm: aa71ff27fc2769a1b78a27578f13a17b -> 
  custom:container-demuxer-webm: 4f35f7cbe854078d1ac9338744f61a02 -> 
  custom:container-demuxer-ogg: 62fdf1f143b41e24485cea50d1cbac27 -> 
  custom:video-encoder-webm-vp8: eb34c28f22e8b96e1ab97ce403110664 -> 
  custom:video-decoder-webm-vp8: 9c59270c3fd7afecdb556c50c9e8de78 -> 
  custom:audio-decoder-ogg-vorbis: bf7c407c2cedff20999df2af8eb42d56 -> 
  custom:audio-encoder-webm-vorbis: bf7c407c2cedff20999df2af8eb42d56 -> 
========================================================================
Received Import Request.
  path: Assets/New Folder
  artifactKey: Guid(928b496243fab734dbaad326f4a9a911) Importer(815301076,1909f56bfc062723c751e8b465ee728b)
Start importing Assets/New Folder using Guid(928b496243fab734dbaad326f4a9a911) Importer(815301076,1909f56bfc062723c751e8b465ee728b)  -> (artifact id: '3d3443a7e792bbe6d86e9f5b48e9a5c1') in 0.015338 seconds 
  Import took 0.039652 seconds .

========================================================================
Received Import Request.
  Time since last request: 82.176926 seconds.
  path: Assets/場景素材
  artifactKey: Guid(928b496243fab734dbaad326f4a9a911) Importer(815301076,1909f56bfc062723c751e8b465ee728b)
Start importing Assets/場景素材 using Guid(928b496243fab734dbaad326f4a9a911) Importer(815301076,1909f56bfc062723c751e8b465ee728b)  -> (artifact id: '693ff07d2979ec102080715d3ca90469') in 0.010618 seconds 
  Import took 0.036108 seconds .

========================================================================
Received Import Request.
  Time since last request: 1206.303990 seconds.
  path: Assets/場景素材/Pixel Art Platformer - Village Props
  artifactKey: Guid(1f08d781702466b438d35aa7938d8030) Importer(815301076,1909f56bfc062723c751e8b465ee728b)
Start importing Assets/場景素材/Pixel Art Platformer - Village Props using Guid(1f08d781702466b438d35aa7938d8030) Importer(815301076,1909f56bfc062723c751e8b465ee728b)  -> (artifact id: 'a0d0ee06777279a5df54c5441e1b0263') in 0.011421 seconds 
  Import took 0.015517 seconds .

========================================================================
Received Import Request.
  Time since last request: 257.221685 seconds.
  path: Assets/場景素材/Pixel Art Platformer - Village Props/Texture/TX Background Grid.png
  artifactKey: Guid(4525736a9d0538940bce8f13f1227b26) Importer(815301076,1909f56bfc062723c751e8b465ee728b)
Start importing Assets/場景素材/Pixel Art Platformer - Village Props/Texture/TX Background Grid.png using Guid(4525736a9d0538940bce8f13f1227b26) Importer(815301076,1909f56bfc062723c751e8b465ee728b)  -> (artifact id: '643aad506284d37daf5318c1373644dd') in 0.247853 seconds 
  Import took 0.251891 seconds .

========================================================================
Received Import Request.
  Time since last request: 0.000180 seconds.
  path: Assets/場景素材/Pixel Art Platformer - Village Props/Texture/TX Particle Flame.png
  artifactKey: Guid(cfcfd3af954eeb54cb041fe6d75a983b) Importer(815301076,1909f56bfc062723c751e8b465ee728b)
Start importing Assets/場景素材/Pixel Art Platformer - Village Props/Texture/TX Particle Flame.png using Guid(cfcfd3af954eeb54cb041fe6d75a983b) Importer(815301076,1909f56bfc062723c751e8b465ee728b)  -> (artifact id: 'c07b3dcc4a10ae241e7b1f628c55bb1c') in 0.024537 seconds 
  Import took 0.028409 seconds .

========================================================================
Received Import Request.
  Time since last request: 0.000191 seconds.
  path: Assets/場景素材/Pixel Art Platformer - Village Props/Texture/TX Village Props.png
  artifactKey: Guid(7810966f0f690954c87305933cabf2b0) Importer(815301076,1909f56bfc062723c751e8b465ee728b)
Start importing Assets/場景素材/Pixel Art Platformer - Village Props/Texture/TX Village Props.png using Guid(7810966f0f690954c87305933cabf2b0) Importer(815301076,1909f56bfc062723c751e8b465ee728b)  -> (artifact id: '5969e0862b3bd9f684948fbbd603f9db') in 0.599453 seconds 
  Import took 0.604072 seconds .

========================================================================
Received Import Request.
  Time since last request: 0.000311 seconds.
  path: Assets/場景素材/Pixel Art Platformer - Village Props/Texture/TX Tileset Ground.png
  artifactKey: Guid(157cbc340d2b7e64ab85168e80e95550) Importer(815301076,1909f56bfc062723c751e8b465ee728b)
Start importing Assets/場景素材/Pixel Art Platformer - Village Props/Texture/TX Tileset Ground.png using Guid(157cbc340d2b7e64ab85168e80e95550) Importer(815301076,1909f56bfc062723c751e8b465ee728b)  -> (artifact id: '2fd94d4747251ccc5225436e4feacede') in 0.614872 seconds 
  Import took 0.620112 seconds .

========================================================================
Received Import Request.
  Time since last request: 0.000240 seconds.
  path: Assets/場景素材/Pixel Art Platformer - Village Props/Texture/TX Chest Animation.png
  artifactKey: Guid(19e07f9d107e445408633f50457d456e) Importer(815301076,1909f56bfc062723c751e8b465ee728b)
Start importing Assets/場景素材/Pixel Art Platformer - Village Props/Texture/TX Chest Animation.png using Guid(19e07f9d107e445408633f50457d456e) Importer(815301076,1909f56bfc062723c751e8b465ee728b)  -> (artifact id: 'e977cd79c3c822e5d9cc44ef51c3a969') in 0.126355 seconds 
  Import took 0.156426 seconds .

========================================================================
Received Import Request.
  Time since last request: 8.449794 seconds.
  path: Assets/場景素材/Pixel Art Platformer - Village Props/Material/MT FX Particle Torch Fire.mat
  artifactKey: Guid(dce4faabfa7d00147bb7d853e5c1fbf3) Importer(815301076,1909f56bfc062723c751e8b465ee728b)
Start importing Assets/場景素材/Pixel Art Platformer - Village Props/Material/MT FX Particle Torch Fire.mat using Guid(dce4faabfa7d00147bb7d853e5c1fbf3) Importer(815301076,1909f56bfc062723c751e8b465ee728b)  -> (artifact id: 'c90ff633051c9112fb31050bc976cbd0') in 0.520928 seconds 
  Import took 0.524880 seconds .

========================================================================
Received Import Request.
  Time since last request: 0.000301 seconds.
  path: Assets/場景素材/Pixel Art Platformer - Village Props/Prefab/PF Village Props - Barrel.prefab
  artifactKey: Guid(1509360826d6bb34587310ad4949fdd5) Importer(815301076,1909f56bfc062723c751e8b465ee728b)
Start importing Assets/場景素材/Pixel Art Platformer - Village Props/Prefab/PF Village Props - Barrel.prefab using Guid(1509360826d6bb34587310ad4949fdd5) Importer(815301076,1909f56bfc062723c751e8b465ee728b)  -> (artifact id: '8102f61d8d57aecf1e76c931e58b7a35') in 0.159344 seconds 
  Import took 0.164546 seconds .

========================================================================
Received Import Request.
  Time since last request: 0.000194 seconds.
  path: Assets/場景素材/Pixel Art Platformer - Village Props/Material/MT FX Particle Torch Spark.mat
  artifactKey: Guid(23524a906e8f5eb4384f92eb87af52f4) Importer(815301076,1909f56bfc062723c751e8b465ee728b)
Start importing Assets/場景素材/Pixel Art Platformer - Village Props/Material/MT FX Particle Torch Spark.mat using Guid(23524a906e8f5eb4384f92eb87af52f4) Importer(815301076,1909f56bfc062723c751e8b465ee728b)  -> (artifact id: '225e68a24654691f4aedb68393def03a') in 0.036966 seconds 
  Import took 0.040650 seconds .

========================================================================
Received Import Request.
  Time since last request: 0.000207 seconds.
  path: Assets/場景素材/Pixel Art Platformer - Village Props/Prefab/PF Village Props - Bucket.prefab
  artifactKey: Guid(75e84fbdb66ab5647a06b786c6662307) Importer(815301076,1909f56bfc062723c751e8b465ee728b)
Start importing Assets/場景素材/Pixel Art Platformer - Village Props/Prefab/PF Village Props - Bucket.prefab using Guid(75e84fbdb66ab5647a06b786c6662307) Importer(815301076,1909f56bfc062723c751e8b465ee728b)  -> (artifact id: '6677613719c3d13d5c0dfffa526d7db4') in 0.024282 seconds 
  Import took 0.027999 seconds .

========================================================================
Received Import Request.
  Time since last request: 0.000197 seconds.
  path: Assets/場景素材/Pixel Art Platformer - Village Props/Material/MT FX Particle Torch Glow.mat
  artifactKey: Guid(6c48dc6ed4cda324b83bb2391ca6fb9a) Importer(815301076,1909f56bfc062723c751e8b465ee728b)
Start importing Assets/場景素材/Pixel Art Platformer - Village Props/Material/MT FX Particle Torch Glow.mat using Guid(6c48dc6ed4cda324b83bb2391ca6fb9a) Importer(815301076,1909f56bfc062723c751e8b465ee728b)  -> (artifact id: 'fe71cf4db70b34234b34505600ccff49') in 0.018068 seconds 
  Import took 0.022994 seconds .

========================================================================
Received Import Request.
  Time since last request: 0.000206 seconds.
  path: Assets/場景素材/Pixel Art Platformer - Village Props/Prefab/PF Village Props - Anvil.prefab
  artifactKey: Guid(c2f614a8e0864dc428810ace2ccc1584) Importer(815301076,1909f56bfc062723c751e8b465ee728b)
Start importing Assets/場景素材/Pixel Art Platformer - Village Props/Prefab/PF Village Props - Anvil.prefab using Guid(c2f614a8e0864dc428810ace2ccc1584) Importer(815301076,1909f56bfc062723c751e8b465ee728b)  -> (artifact id: '00c4fa726d12502d04fd3b972ec19503') in 0.085747 seconds 
  Import took 0.091445 seconds .

========================================================================
Received Import Request.
  Time since last request: 0.000194 seconds.
  path: Assets/場景素材/Pixel Art Platformer - Village Props/Prefab/PF Village Props - Arrow.prefab
  artifactKey: Guid(27277137d0605bd45bd741cdb791e0c1) Importer(815301076,1909f56bfc062723c751e8b465ee728b)
Start importing Assets/場景素材/Pixel Art Platformer - Village Props/Prefab/PF Village Props - Arrow.prefab using Guid(27277137d0605bd45bd741cdb791e0c1) Importer(815301076,1909f56bfc062723c751e8b465ee728b)  -> (artifact id: 'b00318aaec2c348ff10e001e5ca0d8e1') in 0.045431 seconds 
  Import took 0.049158 seconds .

========================================================================
Received Import Request.
  Time since last request: 0.000200 seconds.
  path: Assets/場景素材/Pixel Art Platformer - Village Props/Prefab/PF Village Props - Bush B.prefab
  artifactKey: Guid(e3ef72d9f2a941b479a3bda87147db32) Importer(815301076,1909f56bfc062723c751e8b465ee728b)
Start importing Assets/場景素材/Pixel Art Platformer - Village Props/Prefab/PF Village Props - Bush B.prefab using Guid(e3ef72d9f2a941b479a3bda87147db32) Importer(815301076,1909f56bfc062723c751e8b465ee728b)  -> (artifact id: '1b38c205afc0d28544866b5cf6754c9c') in 0.022527 seconds 
  Import took 0.026437 seconds .

========================================================================
Received Import Request.
  Time since last request: 0.000320 seconds.
  path: Assets/場景素材/Pixel Art Platformer - Village Props/Prefab/PF Village Props - Bush C.prefab
  artifactKey: Guid(de570bfbf1a49ba4c9575930f7db6bae) Importer(815301076,1909f56bfc062723c751e8b465ee728b)
Start importing Assets/場景素材/Pixel Art Platformer - Village Props/Prefab/PF Village Props - Bush C.prefab using Guid(de570bfbf1a49ba4c9575930f7db6bae) Importer(815301076,1909f56bfc062723c751e8b465ee728b)  -> (artifact id: '5b2e0be9765db6dc3a97cb232e6d93cf') in 0.100112 seconds 
  Import took 0.104136 seconds .

========================================================================
Received Import Request.
  Time since last request: 0.000190 seconds.
  path: Assets/場景素材/Pixel Art Platformer - Village Props/Prefab/PF Village Props - Bush A.prefab
  artifactKey: Guid(0a84f54077193d3489d0de133048df37) Importer(815301076,1909f56bfc062723c751e8b465ee728b)
Start importing Assets/場景素材/Pixel Art Platformer - Village Props/Prefab/PF Village Props - Bush A.prefab using Guid(0a84f54077193d3489d0de133048df37) Importer(815301076,1909f56bfc062723c751e8b465ee728b)  -> (artifact id: '967616648b147a17583232b505e26148') in 0.025260 seconds 
  Import took 0.030077 seconds .

========================================================================
Received Import Request.
  Time since last request: 0.000240 seconds.
  path: Assets/場景素材/Pixel Art Platformer - Village Props/Prefab/PF Village Props - Basket.prefab
  artifactKey: Guid(33765db783031c64eb242d22002b9a55) Importer(815301076,1909f56bfc062723c751e8b465ee728b)
Start importing Assets/場景素材/Pixel Art Platformer - Village Props/Prefab/PF Village Props - Basket.prefab using Guid(33765db783031c64eb242d22002b9a55) Importer(815301076,1909f56bfc062723c751e8b465ee728b)  -> (artifact id: '66229cf14616bd64639ecae055110773') in 0.048860 seconds 
  Import took 0.053151 seconds .

========================================================================
Received Import Request.
  Time since last request: 0.000208 seconds.
  path: Assets/場景素材/Pixel Art Platformer - Village Props/Prefab/PF Village Props - Billboard.prefab
  artifactKey: Guid(6ecf5bcec20adfa429a788f660f29ff5) Importer(815301076,1909f56bfc062723c751e8b465ee728b)
Start importing Assets/場景素材/Pixel Art Platformer - Village Props/Prefab/PF Village Props - Billboard.prefab using Guid(6ecf5bcec20adfa429a788f660f29ff5) Importer(815301076,1909f56bfc062723c751e8b465ee728b)  -> (artifact id: 'a433e7244951e52e603c2a041f5b86f6') in 0.110683 seconds 
  Import took 0.114376 seconds .

========================================================================
Received Import Request.
  Time since last request: 0.000190 seconds.
  path: Assets/場景素材/Pixel Art Platformer - Village Props/Prefab/PF Village Props - Bread.prefab
  artifactKey: Guid(5b863081ef08aeb42abb2f87baf72b1e) Importer(815301076,1909f56bfc062723c751e8b465ee728b)
Start importing Assets/場景素材/Pixel Art Platformer - Village Props/Prefab/PF Village Props - Bread.prefab using Guid(5b863081ef08aeb42abb2f87baf72b1e) Importer(815301076,1909f56bfc062723c751e8b465ee728b)  -> (artifact id: '9802acaf2dbfdbfeb9195f535cf5e820') in 0.040225 seconds 
  Import took 0.044348 seconds .

========================================================================
Received Import Request.
  Time since last request: 0.000226 seconds.
  path: Assets/場景素材/Pixel Art Platformer - Village Props/Prefab/PF Village Props - Campfire.prefab
  artifactKey: Guid(e8bae36b607017047ace9061609051d9) Importer(815301076,1909f56bfc062723c751e8b465ee728b)
Start importing Assets/場景素材/Pixel Art Platformer - Village Props/Prefab/PF Village Props - Campfire.prefab using Guid(e8bae36b607017047ace9061609051d9) Importer(815301076,1909f56bfc062723c751e8b465ee728b)  -> (artifact id: '00c804ce9970efcd29dd895eea54c9a7') in 0.023922 seconds 
  Import took 0.028661 seconds .

========================================================================
Received Import Request.
  Time since last request: 0.000296 seconds.
  path: Assets/場景素材/Pixel Art Platformer - Village Props/Prefab/PF Village Props - Barricade.prefab
  artifactKey: Guid(e0868e2099f22704cb8f4781f4dffe5f) Importer(815301076,1909f56bfc062723c751e8b465ee728b)
Start importing Assets/場景素材/Pixel Art Platformer - Village Props/Prefab/PF Village Props - Barricade.prefab using Guid(e0868e2099f22704cb8f4781f4dffe5f) Importer(815301076,1909f56bfc062723c751e8b465ee728b)  -> (artifact id: 'b26aea15b4ebb31982886672fed2d629') in 0.037267 seconds 
  Import took 0.041295 seconds .

========================================================================
Received Import Request.
  Time since last request: 0.000201 seconds.
  path: Assets/場景素材/Pixel Art Platformer - Village Props/Prefab/PF Village Props - Banner.prefab
  artifactKey: Guid(5fd9ed34f1f755643b41c4b41d7077e5) Importer(815301076,1909f56bfc062723c751e8b465ee728b)
Start importing Assets/場景素材/Pixel Art Platformer - Village Props/Prefab/PF Village Props - Banner.prefab using Guid(5fd9ed34f1f755643b41c4b41d7077e5) Importer(815301076,1909f56bfc062723c751e8b465ee728b)  -> (artifact id: '4a9282e9d16d3a160c002607421b8885') in 0.017167 seconds 
  Import took 0.021008 seconds .

========================================================================
Received Import Request.
  Time since last request: 0.000232 seconds.
  path: Assets/場景素材/Pixel Art Platformer - Village Props/Prefab/PF Village Props - Apple.prefab
  artifactKey: Guid(d732c433f052247478d37fac6cedfe30) Importer(815301076,1909f56bfc062723c751e8b465ee728b)
Start importing Assets/場景素材/Pixel Art Platformer - Village Props/Prefab/PF Village Props - Apple.prefab using Guid(d732c433f052247478d37fac6cedfe30) Importer(815301076,1909f56bfc062723c751e8b465ee728b)  -> (artifact id: '0d7c7f7b63d5da1ebc0715a4cc5c5056') in 0.015539 seconds 
  Import took 0.019758 seconds .

========================================================================
Received Import Request.
  Time since last request: 0.000267 seconds.
  path: Assets/場景素材/Pixel Art Platformer - Village Props/Prefab/PF Village Props - Archert Target.prefab
  artifactKey: Guid(55e220e9324021f4aba5a837610ec52e) Importer(815301076,1909f56bfc062723c751e8b465ee728b)
Start importing Assets/場景素材/Pixel Art Platformer - Village Props/Prefab/PF Village Props - Archert Target.prefab using Guid(55e220e9324021f4aba5a837610ec52e) Importer(815301076,1909f56bfc062723c751e8b465ee728b)  -> (artifact id: 'a1d330968c31116056a5d44ba9a94c1f') in 0.017746 seconds 
  Import took 0.021823 seconds .

========================================================================
Received Import Request.
  Time since last request: 0.000216 seconds.
  path: Assets/場景素材/Pixel Art Platformer - Village Props/Prefab/PF Village Props - Brick Wall.prefab
  artifactKey: Guid(d4071901789ed384389951219d1e0315) Importer(815301076,1909f56bfc062723c751e8b465ee728b)
Start importing Assets/場景素材/Pixel Art Platformer - Village Props/Prefab/PF Village Props - Brick Wall.prefab using Guid(d4071901789ed384389951219d1e0315) Importer(815301076,1909f56bfc062723c751e8b465ee728b)  -> (artifact id: '2c3e9b06bde90459b7088757dec131d3') in 0.018529 seconds 
  Import took 0.022270 seconds .

========================================================================
Received Import Request.
  Time since last request: 2.056207 seconds.
  path: Assets/場景素材/Pixel Art Platformer - Village Props/Tileset Palette/TP Ground.prefab
  artifactKey: Guid(027db5ce1ff2f4142b49c3de3b59625a) Importer(815301076,1909f56bfc062723c751e8b465ee728b)
Start importing Assets/場景素材/Pixel Art Platformer - Village Props/Tileset Palette/TP Ground.prefab using Guid(027db5ce1ff2f4142b49c3de3b59625a) Importer(815301076,1909f56bfc062723c751e8b465ee728b)  -> (artifact id: '79eedc0968c6c142f517fb99d6404ce2') in 0.191213 seconds 
  Import took 0.197052 seconds .

========================================================================
Received Import Request.
  Time since last request: 541.420677 seconds.
  path: Assets/場景素材/Pixel Art Platformer - Village Props/Texture/TX Particle Flame.png
  artifactKey: Guid(cfcfd3af954eeb54cb041fe6d75a983b) Importer(815301076,1909f56bfc062723c751e8b465ee728b)
Start importing Assets/場景素材/Pixel Art Platformer - Village Props/Texture/TX Particle Flame.png using Guid(cfcfd3af954eeb54cb041fe6d75a983b) Importer(815301076,1909f56bfc062723c751e8b465ee728b)  -> (artifact id: '1fd1f0a2d07d95972b2b6de8d50696f4') in 0.025947 seconds 
  Import took 0.062228 seconds .

========================================================================
Received Import Request.
  Time since last request: 0.062567 seconds.
  path: Assets/場景素材/Pixel Art Platformer - Village Props/Texture/TX Background Grid.png
  artifactKey: Guid(4525736a9d0538940bce8f13f1227b26) Importer(815301076,1909f56bfc062723c751e8b465ee728b)
Start importing Assets/場景素材/Pixel Art Platformer - Village Props/Texture/TX Background Grid.png using Guid(4525736a9d0538940bce8f13f1227b26) Importer(815301076,1909f56bfc062723c751e8b465ee728b)  -> (artifact id: '76d31af1d7d40155089c71f14a4db8b1') in 0.019365 seconds 
  Import took 0.023711 seconds .

========================================================================
Received Import Request.
  Time since last request: 0.000258 seconds.
  path: Assets/場景素材/Pixel Art Platformer - Village Props/Texture/TX Village Props.png
  artifactKey: Guid(7810966f0f690954c87305933cabf2b0) Importer(815301076,1909f56bfc062723c751e8b465ee728b)
Start importing Assets/場景素材/Pixel Art Platformer - Village Props/Texture/TX Village Props.png using Guid(7810966f0f690954c87305933cabf2b0) Importer(815301076,1909f56bfc062723c751e8b465ee728b)  -> (artifact id: '5ae8f688ef04ed9f0b495a0af5b76483') in 0.021291 seconds 
  Import took 0.026738 seconds .

========================================================================
Received Import Request.
  Time since last request: 0.000204 seconds.
  path: Assets/場景素材/Pixel Art Platformer - Village Props/Texture/TX Tileset Ground.png
  artifactKey: Guid(157cbc340d2b7e64ab85168e80e95550) Importer(815301076,1909f56bfc062723c751e8b465ee728b)
Start importing Assets/場景素材/Pixel Art Platformer - Village Props/Texture/TX Tileset Ground.png using Guid(157cbc340d2b7e64ab85168e80e95550) Importer(815301076,1909f56bfc062723c751e8b465ee728b)  -> (artifact id: '01261ef3108982642bd5cf6a8558345e') in 0.023154 seconds 
  Import took 0.027793 seconds .

========================================================================
Received Import Request.
  Time since last request: 0.000214 seconds.
  path: Assets/場景素材/Pixel Art Platformer - Village Props/Texture/TX Chest Animation.png
  artifactKey: Guid(19e07f9d107e445408633f50457d456e) Importer(815301076,1909f56bfc062723c751e8b465ee728b)
Start importing Assets/場景素材/Pixel Art Platformer - Village Props/Texture/TX Chest Animation.png using Guid(19e07f9d107e445408633f50457d456e) Importer(815301076,1909f56bfc062723c751e8b465ee728b)  -> (artifact id: '60c68b6a6366583f08f0451fab31ad78') in 0.021309 seconds 
  Import took 0.026270 seconds .

========================================================================
Received Import Request.
  Time since last request: 374.072320 seconds.
  path: Assets/場景素材/Pixel Art Platformer - Village Props/Texture/TX Village Props.png
  artifactKey: Guid(7810966f0f690954c87305933cabf2b0) Importer(815301076,1909f56bfc062723c751e8b465ee728b)
Start importing Assets/場景素材/Pixel Art Platformer - Village Props/Texture/TX Village Props.png using Guid(7810966f0f690954c87305933cabf2b0) Importer(815301076,1909f56bfc062723c751e8b465ee728b)  -> (artifact id: '50528f95e978fb152d49d424bc5813bd') in 0.021916 seconds 
  Import took 0.027805 seconds .

========================================================================
Received Import Request.
  Time since last request: 952.498950 seconds.
  path: Assets/場景素材/Pixel Art Platformer - Village Props/Texture/TX Village Props.png
  artifactKey: Guid(7810966f0f690954c87305933cabf2b0) Importer(815301076,1909f56bfc062723c751e8b465ee728b)
Start importing Assets/場景素材/Pixel Art Platformer - Village Props/Texture/TX Village Props.png using Guid(7810966f0f690954c87305933cabf2b0) Importer(815301076,1909f56bfc062723c751e8b465ee728b)  -> (artifact id: '4a3b880f0617fdf1b62799f0277870a2') in 0.554065 seconds 
  Import took 0.560566 seconds .

========================================================================
Received Import Request.
  Time since last request: 394.303391 seconds.
  path: Assets/場景素材/Pixel Art Platformer - Village Props/Texture/TX Village Props.png
  artifactKey: Guid(7810966f0f690954c87305933cabf2b0) Importer(815301076,1909f56bfc062723c751e8b465ee728b)
Start importing Assets/場景素材/Pixel Art Platformer - Village Props/Texture/TX Village Props.png using Guid(7810966f0f690954c87305933cabf2b0) Importer(815301076,1909f56bfc062723c751e8b465ee728b)  -> (artifact id: '914753cd557224a740fe2fb985f5869c') in 0.471318 seconds 
  Import took 0.477356 seconds .

========================================================================
Received Import Request.
  Time since last request: 0.002617 seconds.
  path: Assets/場景素材/Pixel Art Platformer - Village Props/Texture/TX Village Props.png
  artifactKey: Guid(7810966f0f690954c87305933cabf2b0) Importer(815301076,1909f56bfc062723c751e8b465ee728b)
Start importing Assets/場景素材/Pixel Art Platformer - Village Props/Texture/TX Village Props.png using Guid(7810966f0f690954c87305933cabf2b0) Importer(815301076,1909f56bfc062723c751e8b465ee728b)  -> (artifact id: '914753cd557224a740fe2fb985f5869c') in 0.446664 seconds 
  Import took 0.451666 seconds .

========================================================================
Received Import Request.
  Time since last request: 122.219900 seconds.
  path: Assets/場景素材/Pixel Art Platformer - Village Props/Texture/TX Tileset Ground.png
  artifactKey: Guid(157cbc340d2b7e64ab85168e80e95550) Importer(815301076,1909f56bfc062723c751e8b465ee728b)
Start importing Assets/場景素材/Pixel Art Platformer - Village Props/Texture/TX Tileset Ground.png using Guid(157cbc340d2b7e64ab85168e80e95550) Importer(815301076,1909f56bfc062723c751e8b465ee728b)  -> (artifact id: '5dec8c8f85c88fc4d1c4720b21acb498') in 0.018071 seconds 
  Import took 0.022694 seconds .

========================================================================
Received Import Request.
  Time since last request: 167.804184 seconds.
  path: Assets/場景素材/Pixel Art Platformer - Village Props/Texture/TX Tileset Ground.png
  artifactKey: Guid(157cbc340d2b7e64ab85168e80e95550) Importer(815301076,1909f56bfc062723c751e8b465ee728b)
Start importing Assets/場景素材/Pixel Art Platformer - Village Props/Texture/TX Tileset Ground.png using Guid(157cbc340d2b7e64ab85168e80e95550) Importer(815301076,1909f56bfc062723c751e8b465ee728b)  -> (artifact id: '8a9cb8661e7b3a4c637231b73419c0c5') in 0.557287 seconds 
  Import took 0.562954 seconds .

========================================================================
Received Import Request.
  Time since last request: 143.508780 seconds.
  path: Assets/場景素材/Pixel Art Platformer - Village Props/Texture/TX Particle Flame.png
  artifactKey: Guid(cfcfd3af954eeb54cb041fe6d75a983b) Importer(815301076,1909f56bfc062723c751e8b465ee728b)
Start importing Assets/場景素材/Pixel Art Platformer - Village Props/Texture/TX Particle Flame.png using Guid(cfcfd3af954eeb54cb041fe6d75a983b) Importer(815301076,1909f56bfc062723c751e8b465ee728b)  -> (artifact id: '0cea0bb49f3a8ec9dd77178a8287f22e') in 0.015432 seconds 
  Import took 0.019941 seconds .

========================================================================
Received Import Request.
  Time since last request: 0.001489 seconds.
  path: Assets/場景素材/Pixel Art Platformer - Village Props/Texture/TX Particle Flame.png
  artifactKey: Guid(cfcfd3af954eeb54cb041fe6d75a983b) Importer(815301076,1909f56bfc062723c751e8b465ee728b)
Start importing Assets/場景素材/Pixel Art Platformer - Village Props/Texture/TX Particle Flame.png using Guid(cfcfd3af954eeb54cb041fe6d75a983b) Importer(815301076,1909f56bfc062723c751e8b465ee728b)  -> (artifact id: '0cea0bb49f3a8ec9dd77178a8287f22e') in 0.008562 seconds 
  Import took 0.013837 seconds .

========================================================================
Received Import Request.
  Time since last request: 19.770991 seconds.
  path: Assets/場景素材/Pixel Art Platformer - Village Props/Texture/TX Particle Flame.png
  artifactKey: Guid(cfcfd3af954eeb54cb041fe6d75a983b) Importer(815301076,1909f56bfc062723c751e8b465ee728b)
Start importing Assets/場景素材/Pixel Art Platformer - Village Props/Texture/TX Particle Flame.png using Guid(cfcfd3af954eeb54cb041fe6d75a983b) Importer(815301076,1909f56bfc062723c751e8b465ee728b)  -> (artifact id: '6b05b8c43aed25e4fd1c74df27b27328') in 0.407968 seconds 
  Import took 0.411998 seconds .

========================================================================
Received Import Request.
  Time since last request: 521.861595 seconds.
  path: Assets/場景素材/Pixel Art Platformer - Village Props/Texture/TX Chest Animation.png
  artifactKey: Guid(19e07f9d107e445408633f50457d456e) Importer(815301076,1909f56bfc062723c751e8b465ee728b)
Start importing Assets/場景素材/Pixel Art Platformer - Village Props/Texture/TX Chest Animation.png using Guid(19e07f9d107e445408633f50457d456e) Importer(815301076,1909f56bfc062723c751e8b465ee728b)  -> (artifact id: 'f525e6e95f2a2363cf0c50eb06fc5976') in 0.020639 seconds 
  Import took 0.025666 seconds .

========================================================================
Received Import Request.
  Time since last request: 50.577332 seconds.
  path: Assets/場景素材/Pixel Art Platformer - Village Props/Texture/TX Chest Animation.png
  artifactKey: Guid(19e07f9d107e445408633f50457d456e) Importer(815301076,1909f56bfc062723c751e8b465ee728b)
Start importing Assets/場景素材/Pixel Art Platformer - Village Props/Texture/TX Chest Animation.png using Guid(19e07f9d107e445408633f50457d456e) Importer(815301076,1909f56bfc062723c751e8b465ee728b)  -> (artifact id: '5fbfaa6e7411565adaa59cdab9c8b748') in 0.139378 seconds 
  Import took 0.144744 seconds .

AssetImportWorkerClient::OnTransportError - code=2 error=End of file
